code-creation,Stub,2,0x3d80a000,213,"JSEntryStub"
code-creation,Stub,2,0x3d80a0e0,213,"JSConstructEntryStub"
code-creation,Stub,2,0x3d80a1c0,622,"CEntryStub"
code-creation,Stub,2,0x3d80a440,97,"StoreBufferOverflowStub"
code-creation,Stub,2,0x3d80a4c0,79,"StubFailureTrampolineStub"
code-creation,Stub,2,0x3d80a520,80,"StubFailureTrampolineStub"
code-creation,Stub,2,0x3d80a580,1420,"RecordWriteStub"
code-creation,Stub,2,0x3d80ab20,1433,"RecordWriteStub"
code-creation,Stub,2,0x3d80b0c0,611,"RecordWriteStub"
code-creation,Stub,2,0x3d80b340,611,"RecordWriteStub"
code-creation,Stub,2,0x3d80b5c0,1433,"RecordWriteStub"
code-creation,Stub,2,0x3d80bb60,1433,"RecordWriteStub"
code-creation,Stub,2,0x3d80c100,1453,"RecordWriteStub"
code-creation,Stub,2,0x3d80c6c0,1461,"RecordWriteStub"
code-creation,Stub,2,0x3d80cc80,1433,"RecordWriteStub"
code-creation,Stub,2,0x3d80d220,1433,"RecordWriteStub"
code-creation,Stub,2,0x3d80d7c0,611,"RecordWriteStub"
code-creation,Stub,2,0x3d80da40,1437,"RecordWriteStub"
code-creation,Stub,2,0x3d80dfe0,1428,"RecordWriteStub"
code-creation,Stub,2,0x3d80e580,1448,"RecordWriteStub"
code-creation,Stub,2,0x3d80eb40,1453,"RecordWriteStub"
code-creation,Stub,2,0x3d80f100,1448,"RecordWriteStub"
code-creation,Stub,2,0x3d80f6c0,297,"ArrayNoArgumentConstructorStub"
code-creation,Stub,2,0x3d80f800,281,"ArrayNoArgumentConstructorStub"
code-creation,Stub,2,0x3d80f920,301,"ArrayNoArgumentConstructorStub"
code-creation,Stub,2,0x3d80fa60,285,"ArrayNoArgumentConstructorStub"
code-creation,Stub,2,0x3d80fb80,298,"ArrayNoArgumentConstructorStub"
code-creation,Stub,2,0x3d80fcc0,298,"ArrayNoArgumentConstructorStub"
code-creation,Stub,2,0x3d80fe00,285,"ArrayNoArgumentConstructorStub"
code-creation,Stub,2,0x3d80ff20,285,"ArrayNoArgumentConstructorStub"
code-creation,Stub,2,0x3d810040,582,"ArraySingleArgumentConstructorStub"
code-creation,Stub,2,0x3d8102a0,562,"ArraySingleArgumentConstructorStub"
code-creation,Stub,2,0x3d8104e0,586,"ArraySingleArgumentConstructorStub"
code-creation,Stub,2,0x3d810740,566,"ArraySingleArgumentConstructorStub"
code-creation,Stub,2,0x3d810980,606,"ArraySingleArgumentConstructorStub"
code-creation,Stub,2,0x3d810be0,606,"ArraySingleArgumentConstructorStub"
code-creation,Stub,2,0x3d810e40,566,"ArraySingleArgumentConstructorStub"
code-creation,Stub,2,0x3d811080,566,"ArraySingleArgumentConstructorStub"
code-creation,Stub,2,0x3d8112c0,488,"ArrayNArgumentsConstructorStub"
code-creation,Stub,2,0x3d8114c0,468,"ArrayNArgumentsConstructorStub"
code-creation,Stub,2,0x3d8116a0,488,"ArrayNArgumentsConstructorStub"
code-creation,Stub,2,0x3d8118a0,472,"ArrayNArgumentsConstructorStub"
code-creation,Stub,2,0x3d811a80,524,"ArrayNArgumentsConstructorStub"
code-creation,Stub,2,0x3d811ca0,524,"ArrayNArgumentsConstructorStub"
code-creation,Stub,2,0x3d811ec0,428,"ArrayNArgumentsConstructorStub"
code-creation,Stub,2,0x3d812080,428,"ArrayNArgumentsConstructorStub"
code-creation,Stub,2,0x3d812240,1456,"RecordWriteStub"
code-creation,Stub,2,0x3d812800,233,"CreateAllocationSiteStub"
code-creation,Builtin,3,0x3d812900,77,"Illegal"
code-creation,Builtin,3,0x3d812960,77,"EmptyFunction"
code-creation,Builtin,3,0x3d8129c0,77,"InternalArrayCodeGeneric"
code-creation,Builtin,3,0x3d812a20,77,"ArrayCodeGeneric"
code-creation,Builtin,3,0x3d812a80,77,"ArrayPush"
code-creation,Builtin,3,0x3d812ae0,77,"ArrayPop"
code-creation,Builtin,3,0x3d812b40,77,"ArrayShift"
code-creation,Builtin,3,0x3d812ba0,77,"ArrayUnshift"
code-creation,Builtin,3,0x3d812c00,77,"ArraySlice"
code-creation,Builtin,3,0x3d812c60,77,"ArraySplice"
code-creation,Builtin,3,0x3d812cc0,77,"ArrayConcat"
code-creation,Builtin,3,0x3d812d20,80,"HandleApiCall"
code-creation,Builtin,3,0x3d812d80,80,"HandleApiCallConstruct"
code-creation,Builtin,3,0x3d812de0,77,"HandleApiCallAsFunction"
code-creation,Builtin,3,0x3d812e40,77,"HandleApiCallAsConstructor"
code-creation,Builtin,3,0x3d812ea0,77,"StrictModePoisonPill"
code-creation,Builtin,3,0x3d812f00,174,"ArgumentsAdaptorTrampoline"
code-creation,Builtin,3,0x3d812fc0,75,"InRecompileQueue"
code-creation,Builtin,3,0x3d813020,101,"InstallRecompiledCode"
code-creation,Builtin,3,0x3d8130a0,491,"JSConstructStubCountdown"
code-creation,Builtin,3,0x3d8132a0,432,"JSConstructStubGeneric"
code-creation,Builtin,3,0x3d813460,406,"JSConstructStubApi"
code-creation,Builtin,3,0x3d813600,157,"JSEntryTrampoline"
code-creation,Stub,2,0x3d8136a0,148,"CallConstructStub"
code-creation,Builtin,3,0x3d813740,131,"JSConstructEntryTrampoline"
code-creation,Builtin,3,0x3d8137e0,101,"LazyCompile"
code-creation,Builtin,3,0x3d813860,101,"LazyRecompile"
code-creation,Builtin,3,0x3d8138e0,107,"ParallelRecompile"
code-creation,Builtin,3,0x3d813960,143,"NotifyDeoptimized"
code-creation,Builtin,3,0x3d813a00,143,"NotifySoftDeoptimized"
code-creation,Builtin,3,0x3d813aa0,143,"NotifyLazyDeoptimized"
code-creation,Builtin,3,0x3d813b40,94,"NotifyStubFailure"
code-creation,Builtin,3,0x3d813ba0,91,"NotifyOSR"
code-creation,Builtin,3,0x3d813c00,83,"LoadIC_Miss"
code-creation,Builtin,3,0x3d813c60,83,"KeyedLoadIC_Miss"
code-creation,Builtin,3,0x3d813cc0,83,"KeyedLoadIC_MissForceGeneric"
code-creation,Builtin,3,0x3d813d20,83,"KeyedLoadIC_Slow"
code-creation,Builtin,3,0x3d813d80,84,"StoreIC_Miss"
code-creation,Builtin,3,0x3d813de0,84,"StoreIC_Slow"
code-creation,Builtin,3,0x3d813e40,84,"KeyedStoreIC_Miss"
code-creation,Builtin,3,0x3d813ea0,84,"KeyedStoreIC_MissForceGeneric"
code-creation,Builtin,3,0x3d813f00,84,"KeyedStoreIC_Slow"
code-creation,Builtin,5,0x3d813f60,83,"LoadIC_Initialize"
code-creation,Builtin,5,0x3d813fc0,83,"LoadIC_PreMonomorphic"
code-creation,Stub,2,0x3d814020,740,"NameDictionaryLookupStub"
code-creation,Builtin,5,0x3d814320,313,"LoadIC_Normal"
code-creation,Builtin,5,0x3d814460,266,"LoadIC_Megamorphic"
code-creation,Builtin,5,0x3d814580,80,"LoadIC_Getter_ForDeopt"
code-creation,Builtin,5,0x3d8145e0,83,"LoadIC_Slow"
code-creation,Builtin,6,0x3d814640,83,"KeyedLoadIC_Initialize"
code-creation,Builtin,6,0x3d8146a0,83,"KeyedLoadIC_PreMonomorphic"
code-creation,Stub,2,0x3d814700,740,"NameDictionaryLookupStub"
code-creation,Builtin,6,0x3d814a00,896,"KeyedLoadIC_Generic"
code-creation,Builtin,6,0x3d814d80,499,"KeyedLoadIC_String"
code-creation,Builtin,6,0x3d814f80,144,"KeyedLoadIC_IndexedInterceptor"
code-creation,Builtin,6,0x3d815020,216,"KeyedLoadIC_NonStrictArguments"
code-creation,Builtin,9,0x3d815100,84,"StoreIC_Initialize"
code-creation,Stub,2,0x3d815160,740,"NameDictionaryLookupStub"
code-creation,Builtin,9,0x3d815460,365,"StoreIC_Normal"
code-creation,Builtin,9,0x3d8155e0,293,"StoreIC_Megamorphic"
code-creation,Builtin,9,0x3d815720,88,"StoreIC_Generic"
code-creation,Builtin,9,0x3d815780,88,"StoreIC_Generic_Strict"
code-creation,Builtin,9,0x3d8157e0,88,"StoreIC_GlobalProxy"
code-creation,Builtin,9,0x3d815840,84,"StoreIC_Initialize_Strict"
code-creation,Builtin,9,0x3d8158a0,365,"StoreIC_Normal_Strict"
code-creation,Builtin,9,0x3d815a20,293,"StoreIC_Megamorphic_Strict"
code-creation,Builtin,9,0x3d815b60,88,"StoreIC_GlobalProxy_Strict"
code-creation,Builtin,9,0x3d815bc0,82,"StoreIC_Setter_ForDeopt"
code-creation,Builtin,10,0x3d815c20,84,"KeyedStoreIC_Initialize"
code-creation,Builtin,10,0x3d815c80,2082,"KeyedStoreIC_Generic"
code-creation,Builtin,10,0x3d8164c0,84,"KeyedStoreIC_Initialize_Strict"
code-creation,Builtin,10,0x3d816520,2082,"KeyedStoreIC_Generic_Strict"
code-creation,Stub,2,0x3d816d60,1425,"RecordWriteStub"
code-creation,Builtin,10,0x3d817300,286,"KeyedStoreIC_NonStrictArguments"
code-creation,Builtin,3,0x3d817420,376,"FunctionCall"
code-creation,Builtin,3,0x3d8175a0,388,"FunctionApply"
code-creation,Stub,2,0x3d817740,229,"InternalArrayNoArgumentConstructorStub"
code-creation,Stub,2,0x3d817840,530,"InternalArraySingleArgumentConstructorStub"
code-creation,Stub,2,0x3d817a60,400,"InternalArrayNArgumentsConstructorStub"
code-creation,Stub,2,0x3d817c00,229,"InternalArrayNoArgumentConstructorStub"
code-creation,Stub,2,0x3d817d00,530,"InternalArraySingleArgumentConstructorStub"
code-creation,Stub,2,0x3d817f20,400,"InternalArrayNArgumentsConstructorStub"
code-creation,Stub,2,0x3d8180c0,169,"InternalArrayConstructorStub"
code-creation,Builtin,3,0x3d818180,78,"InternalArrayCode"
code-creation,Stub,2,0x3d8181e0,517,"ArrayConstructorStub"
code-creation,Builtin,3,0x3d818400,83,"ArrayCode"
code-creation,Builtin,3,0x3d818460,357,"StringConstructCode"
code-creation,Builtin,3,0x3d8185e0,359,"OnStackReplacement"
code-creation,Builtin,3,0x3d818760,101,"MakeQuadragenarianCodeYoungAgainOddMarking"
code-creation,Builtin,3,0x3d8187e0,101,"MakeQuadragenarianCodeYoungAgainEvenMarking"
code-creation,Builtin,3,0x3d818860,101,"MakeQuinquagenarianCodeYoungAgainOddMarking"
code-creation,Builtin,3,0x3d8188e0,101,"MakeQuinquagenarianCodeYoungAgainEvenMarking"
code-creation,Builtin,3,0x3d818960,101,"MakeSexagenarianCodeYoungAgainOddMarking"
code-creation,Builtin,3,0x3d8189e0,101,"MakeSexagenarianCodeYoungAgainEvenMarking"
code-creation,Builtin,3,0x3d818a60,101,"MakeSeptuagenarianCodeYoungAgainOddMarking"
code-creation,Builtin,3,0x3d818ae0,101,"MakeSeptuagenarianCodeYoungAgainEvenMarking"
code-creation,Builtin,3,0x3d818b60,101,"MakeOctogenarianCodeYoungAgainOddMarking"
code-creation,Builtin,3,0x3d818be0,101,"MakeOctogenarianCodeYoungAgainEvenMarking"
code-creation,Builtin,3,0x3d818c60,107,"Return_DebugBreak"
code-creation,Builtin,3,0x3d818ce0,104,"CallFunctionStub_DebugBreak"
code-creation,Builtin,3,0x3d818d60,106,"CallFunctionStub_Recording_DebugBreak"
code-creation,Builtin,3,0x3d818de0,110,"CallConstructStub_DebugBreak"
code-creation,Builtin,3,0x3d818e60,112,"CallConstructStub_Recording_DebugBreak"
code-creation,Builtin,5,0x3d818ee0,106,"LoadIC_DebugBreak"
code-creation,Builtin,6,0x3d818f60,106,"KeyedLoadIC_DebugBreak"
code-creation,Builtin,9,0x3d818fe0,108,"StoreIC_DebugBreak"
code-creation,Builtin,10,0x3d819060,108,"KeyedStoreIC_DebugBreak"
code-creation,Builtin,14,0x3d8190e0,104,"CompareNilIC_DebugBreak"
code-creation,Builtin,3,0x3d819160,105,"Slot_DebugBreak"
code-creation,Builtin,3,0x3d8191e0,65,"PlainReturn_LiveEdit"
code-creation,Builtin,3,0x3d819240,93,"FrameDropper_LiveEdit"
code-creation,Stub,2,0x3d8192a0,76,"StackCheckStub"
code-creation,Stub,2,0x3d819300,271,"CallConstructStub_Recording"
code-creation,Stub,2,0x3d819420,76,"InterruptStub"
code-creation,Script,0,0x3d819480,612,"native runtime.js",0x26f0c2d0,
code-creation,Stub,14,0x3d819700,93,"CompareNilICStub(NullValue)(None)"
code-creation,CallInitialize,7,0x3d819760,178,"args_count: 1"
code-creation,CallInitialize,7,0x3d819820,178,"args_count: 2"
code-creation,LazyCompile,0,0x3d8198e0,1740,"EQUALS native runtime.js:54",0x26f0aff0,
code-creation,LazyCompile,0,0x3d819fc0,376,"STRICT_EQUALS native runtime.js:108",0x26f0b04c,
code-creation,Stub,2,0x3d81a140,216,"StringCompareStub"
code-creation,Stub,13,0x3d81a220,104,"CompareICStub"
code-creation,LazyCompile,0,0x3d81a2a0,924,"COMPARE native runtime.js:128",0x26f0b0a8,
code-creation,Stub,2,0x3d81a640,1471,"StringAddStub"
code-creation,LazyCompile,0,0x3d81ac00,596,"ADD native runtime.js:171",0x26f0b104,
code-creation,LazyCompile,0,0x3d81ae60,296,"SUB native runtime.js:222",0x26f0b218,
code-creation,LazyCompile,0,0x3d81afa0,296,"MUL native runtime.js:230",0x26f0b274,
code-creation,LazyCompile,0,0x3d81b0e0,296,"DIV native runtime.js:238",0x26f0b2d0,
code-creation,LazyCompile,0,0x3d81b220,296,"MOD native runtime.js:246",0x26f0b32c,
code-creation,LazyCompile,0,0x3d81b360,296,"BIT_OR native runtime.js:260",0x26f0b388,
code-creation,LazyCompile,0,0x3d81b4a0,384,"BIT_AND native runtime.js:268",0x26f0b3e4,
code-creation,LazyCompile,0,0x3d81b620,296,"BIT_XOR native runtime.js:290",0x26f0b440,
code-creation,LazyCompile,0,0x3d81b760,244,"UNARY_MINUS native runtime.js:298",0x26f0b49c,
code-creation,LazyCompile,0,0x3d81b860,244,"BIT_NOT native runtime.js:305",0x26f0b4f8,
code-creation,LazyCompile,0,0x3d81b960,296,"SHL native runtime.js:312",0x26f0b554,
code-creation,LazyCompile,0,0x3d81baa0,384,"SAR native runtime.js:320",0x26f0b5b0,
code-creation,LazyCompile,0,0x3d81bc20,296,"SHR native runtime.js:342",0x26f0b60c,
code-creation,LazyCompile,0,0x3d81bd60,228,"DELETE native runtime.js:356",0x26f0b668,
code-creation,Stub,2,0x3d81be60,245,"StoreArrayLiteralElementStub"
code-creation,LazyCompile,0,0x3d81bf60,368,"IN native runtime.js:362",0x26f0b6c4,
code-creation,Stub,13,0x3d81c0e0,104,"CompareICStub"
code-creation,Stub,15,0x3d81c160,93,"ToBooleanStub(None)"
code-creation,LazyCompile,0,0x3d81c1c0,644,"INSTANCE_OF native runtime.js:375",0x26f0b720,
code-creation,LazyCompile,0,0x3d81c460,236,"FILTER_KEY native runtime.js:406",0x26f0b77c,
code-creation,Stub,2,0x3d81c560,351,"ArgumentsAccessStub_NewNonStrictFast"
code-creation,LazyCompile,0,0x3d81c6c0,380,"CALL_NON_FUNCTION native runtime.js:413",0x26f0b7d8,
code-creation,LazyCompile,0,0x3d81c840,380,"CALL_NON_FUNCTION_AS_CONSTRUCTOR native runtime.js:422",0x26f0b834,
code-creation,Stub,12,0x3d81c9c0,88,"BinaryOpStub_SUB_Alloc_Uninitialized+Uninitialized"
code-creation,Stub,2,0x3d81ca20,130,"ArgumentsAccessStub_ReadElement"
code-creation,LazyCompile,0,0x3d81cac0,288,"CALL_FUNCTION_PROXY native runtime.js:431",0x26f0b890,
code-creation,LazyCompile,0,0x3d81cbe0,260,"CALL_FUNCTION_PROXY_AS_CONSTRUCTOR native runtime.js:439",0x26f0b8ec,
code-creation,LazyCompile,0,0x3d81cd00,188,"TO_OBJECT native runtime.js:490",0x26f0ba00,
code-creation,LazyCompile,0,0x3d81cdc0,188,"TO_NUMBER native runtime.js:496",0x26f0ba5c,
code-creation,LazyCompile,0,0x3d81ce80,188,"TO_STRING native runtime.js:502",0x26f0bab8,
code-creation,Stub,2,0x3d81cf40,195,"NumberToStringStub"
code-creation,LazyCompile,0,0x3d81d020,572,"STRING_ADD_LEFT native runtime.js:191",0x26f0b160,
code-creation,LazyCompile,0,0x3d81d260,580,"STRING_ADD_RIGHT native runtime.js:206",0x26f0b1bc,
code-creation,Stub,13,0x3d81d4c0,104,"CompareICStub"
code-creation,Stub,13,0x3d81d540,104,"CompareICStub"
code-creation,Stub,13,0x3d81d5c0,104,"CompareICStub"
code-creation,LazyCompile,0,0x3d81d640,912,"APPLY_PREPARE native runtime.js:446",0x26f0b948,
code-creation,LazyCompile,0,0x3d81d9e0,232,"APPLY_OVERFLOW native runtime.js:484",0x26f0b9a4,
code-creation,CallInitialize,7,0x3d81dae0,180,"args_count: 0"
code-creation,CallInitialize,7,0x3d81dba0,180,"args_count: 12"
code-creation,CallInitialize,7,0x3d81dc60,189,"args_count: 38"
code-creation,CallInitialize,7,0x3d81dd20,180,"args_count: 3"
code-creation,Script,0,0x3d81dde0,1084,"native v8natives.js",0x26f0ff78,
code-creation,CallPreMonomorphic,7,0x3d81e220,180,"args_count: 0"
code-creation,CallInitialize,7,0x3d81e2e0,180,"args_count: 10"
code-creation,LazyCompile,0,0x3d81e3a0,452,"SetUpGlobal native v8natives.js:197",0x26f0db94,
code-creation,CallPreMonomorphic,7,0x3d81e580,180,"args_count: 10"
code-creation,CallPreMonomorphic,7,0x3d81e640,180,"args_count: 3"
code-creation,Stub,12,0x3d81e700,88,"BinaryOpStub_SAR_Alloc_Uninitialized+Uninitialized"
code-creation,Stub,12,0x3d81e760,88,"BinaryOpStub_ADD_Alloc_Uninitialized+Uninitialized"
code-creation,LazyCompile,0,0x3d81e7c0,564,"InstallFunctions native v8natives.js:46",0x26f0d858,
code-creation,Stub,13,0x3d81ea00,122,"CompareICStub"
code-creation,Stub,12,0x3d81ea80,155,"BinaryOpStub_SAR_Alloc_Smi+Smi"
code-creation,Stub,13,0x3d81eb20,122,"CompareICStub"
code-creation,Stub,2,0x3d81eba0,328,"KeyedLoadElementStub"
code-creation,KeyedLoadIC,6,0x3d81ed00,91,""
code-creation,Stub,12,0x3d81ed60,146,"BinaryOpStub_ADD_Alloc_Smi+Smi"
code-creation,Stub,2,0x3d81ee00,76,"LoadFieldStub"
code-creation,LoadIC,5,0x3d81ee60,93,"length"
code-creation,CallPreMonomorphic,7,0x3d81eec0,180,"args_count: 12"
code-creation,CallPreMonomorphic,7,0x3d81ef80,189,"args_count: 38"
code-creation,Stub,12,0x3d81f040,88,"BinaryOpStub_ADD_OverwriteLeft_Uninitialized+Uninitialized"
code-creation,Stub,2,0x3d81f0a0,204,"ToNumberStub"
code-creation,LazyCompile,0,0x3d81f180,820,"SetUpLockedPrototype native v8natives.js:87",0x26f0d96c,
code-creation,Stub,15,0x3d81f4c0,148,"ToBooleanStub(SpecObject)"
code-creation,Stub,12,0x3d81f560,146,"BinaryOpStub_ADD_OverwriteLeft_Smi+Smi"
code-creation,CallInitialize,7,0x3d81f600,180,"args_count: 20"
code-creation,CallInitialize,7,0x3d81f6c0,180,"args_count: 4"
code-creation,CallInitialize,7,0x3d81f780,180,"args_count: 28"
code-creation,LazyCompile,0,0x3d81f840,1044,"SetUpObject native v8natives.js:1385",0x26f0ee44,
code-creation,CallInitialize,7,0x3d81fc60,180,"args_count: 1"
code-creation,LazyCompile,0,0x3d81fd20,308,"ObjectConstructor native v8natives.js:1371",0x26f0ede8,
code-creation,LazyCompile,0,0x3d81fd20,308,"ObjectConstructor native v8natives.js:1371",0x26f0ede8,
code-creation,CallPreMonomorphic,7,0x3d81fe60,180,"args_count: 20"
code-creation,CallPreMonomorphic,7,0x3d81ff20,180,"args_count: 4"
code-creation,LazyCompile,0,0x3d81ffe0,304,"InstallGetterSetter native v8natives.js:72",0x26f0d910,
code-creation,CallPreMonomorphic,7,0x3d820120,180,"args_count: 28"
code-creation,LazyCompile,0,0x3d8201e0,448,"SetUpBoolean native v8natives.js:1472",0x26f0efb4,
code-creation,LazyCompile,0,0x3d8203a0,292,"BooleanConstructor native v8natives.js:1437",0x26f0eea0,
code-creation,LazyCompile,0,0x3d8203a0,292,"BooleanConstructor native v8natives.js:1437",0x26f0eea0,
code-creation,CallPreMonomorphic,7,0x3d8204e0,180,"args_count: 1"
code-creation,LazyCompile,0,0x3d8205a0,404,"ToBoolean native runtime.js:526",0x26f0bb70,
code-creation,LazyCompile,0,0x3d820740,924,"SetUpNumber native v8natives.js:1635",0x26f0f34c,
code-creation,LazyCompile,0,0x3d820ae0,336,"NumberConstructor native v8natives.js:1491",0x26f0f010,
code-creation,LazyCompile,0,0x3d820ae0,336,"NumberConstructor native v8natives.js:1491",0x26f0f010,
code-creation,Stub,13,0x3d820c40,116,"CompareICStub"
code-creation,LazyCompile,0,0x3d820cc0,504,"ToNumber native runtime.js:536",0x26f0bbcc,
code-creation,LazyCompile,0,0x3d820ec0,380,"SetUpFunction native v8natives.js:1826",0x26f0f574,
code-creation,Stub,2,0x3d821040,160,"FastNewContextStub"
code-creation,Stub,2,0x3d8210e0,1420,"RecordWriteStub"
code-creation,CallInitialize,7,0x3d821680,180,"args_count: 2"
code-creation,LazyCompile,0,0x3d821740,440,"FunctionConstructor native v8natives.js:1813",0x26f0f518,
code-creation,LazyCompile,0,0x3d821740,440,"FunctionConstructor native v8natives.js:1813",0x26f0f518,
code-creation,Script,0,0x3d821900,268,"native array.js",0x26f12a38,
code-creation,Stub,2,0x3d821a20,304,"FastNewClosureStub"
code-creation,Stub,2,0x3d821b60,331,"CallFunctionStub_Args2_Recording"
code-creation,Stub,2,0x3d821cc0,331,"CallFunctionStub_Args3_Recording"
code-creation,CallInitialize,7,0x3d821e20,189,"args_count: 42"
code-creation,CallInitialize,7,0x3d821ee0,180,"args_count: 6"
code-creation,LazyCompile,0,0x3d821fa0,2272,"SetUpArray native array.js:1591",0x26f12840,
code-creation,CallPreMonomorphic,7,0x3d822880,180,"args_count: 2"
code-creation,LazyCompile,0,0x3d822940,292,"SetUpArray.b native array.js:1605",0x26f13514,
code-creation,CallPreMonomorphic,7,0x3d822a80,178,"args_count: 1"
code-creation,LazyCompile,0,0x3d822b40,404,"hasOwnProperty native v8natives.js:251",0x26f0dd04,
code-creation,Stub,15,0x3d822ce0,136,"ToBooleanStub(Bool)"
code-creation,LazyCompile,0,0x3d822d80,220,"ToName native runtime.js:578",0x26f0bd3c,
code-creation,LazyCompile,0,0x3d822e60,416,"ToString native runtime.js:561",0x26f0bc84,
code-creation,CallMiss,7,0x3d823000,178,"args_count: 1"
code-creation,CallIC,7,0x3d8230c0,136,"hasOwnProperty"
code-creation,CallMiss,7,0x3d823160,180,"args_count: 1"
code-creation,CallIC,7,0x3d823220,136,"ToName"
code-creation,CallIC,7,0x3d8232c0,135,"ToString"
code-creation,Stub,2,0x3d823360,75,"push"
code-creation,KeyedLoadIC,6,0x3d8233c0,105,"push"
code-creation,Stub,2,0x3d823440,75,"concat"
code-creation,CallPreMonomorphic,7,0x3d8234a0,189,"args_count: 42"
code-creation,Stub,5,0x3d823560,145,"FunctionPrototypeStub"
code-creation,LoadIC,5,0x3d823600,93,"length"
code-creation,LoadPolymorphicIC,5,0x3d823660,105,"length"
code-creation,CallPreMonomorphic,7,0x3d8236e0,180,"args_count: 6"
code-creation,Stub,2,0x3d8237a0,273,"FastCloneShallowArrayStub"
code-creation,Script,0,0x3d8238c0,408,"native string.js",0x26f14f0c,
code-creation,CallInitialize,7,0x3d823a60,189,"args_count: 70"
code-creation,LazyCompile,0,0x3d823b20,1132,"SetUpString native string.js:962",0x26f14cb8,
code-creation,LazyCompile,0,0x3d823fa0,380,"StringConstructor native string.js:35",0x26f13d44,
code-creation,LazyCompile,0,0x3d823fa0,380,"StringConstructor native string.js:35",0x26f13d44,
code-creation,CallPreMonomorphic,7,0x3d824120,189,"args_count: 70"
code-creation,Script,0,0x3d8241e0,264,"native uri.js",0x26f162dc,
code-creation,LazyCompile,0,0x3d824300,336,"SetUpUri native uri.js:442",0x26f161a4,
code-creation,Script,0,0x3d824460,340,"native math.js",0x26f170d8,
code-creation,LazyCompile,0,0x3d8245c0,164,"MathConstructor native math.js:40",0x26f16848,
code-creation,LazyCompile,0,0x3d824680,1112,"SetUpMath native math.js:226",0x26f16f78,
code-creation,CallInitialize,7,0x3d824ae0,180,"args_count: 7"
code-creation,CallInitialize,7,0x3d824ba0,180,"args_count: 14"
code-creation,CallInitialize,7,0x3d824c60,180,"args_count: 5"
code-creation,CallInitialize,7,0x3d824d20,189,"args_count: 32"
code-creation,Script,0,0x3d824de0,1880,"native messages.js",0x26f1a4c8,
code-creation,LazyCompile,0,0x3d825540,216," native messages.js:294",0x26f1a428,
code-creation,LazyCompile,0,0x3d825540,216," native messages.js:294",0x26f1a428,
code-creation,CallPreMonomorphic,7,0x3d825620,180,"args_count: 7"
code-creation,CallPreMonomorphic,7,0x3d8256e0,180,"args_count: 14"
code-creation,CallPreMonomorphic,7,0x3d8257a0,180,"args_count: 5"
code-creation,CallPreMonomorphic,7,0x3d825860,189,"args_count: 32"
code-creation,Stub,2,0x3d825920,331,"CallFunctionStub_Args1_Recording"
code-creation,LazyCompile,0,0x3d825a80,460,"SetUpError native messages.js:1178",0x26f1a03c,
code-creation,LazyCompile,0,0x3d825c60,692,"SetUpError.a native messages.js:1181",0x26f1b4c8,
code-creation,Stub,2,0x3d825f20,1447,"StringAddStub"
code-creation,Stub,12,0x3d8264e0,124,"BinaryOpStub_ADD_Alloc_String+String"
code-creation,Stub,13,0x3d826560,141,"CompareICStub"
code-creation,LazyCompile,0,0x3d826600,164,"d native messages.js:1197",0x26f1b814,
code-creation,LazyCompile,0,0x3d8266c0,360," native messages.js:1207",0x26f1b870,
code-creation,LazyCompile,0,0x3d8266c0,360," native messages.js:1207",0x26f1b870,
code-creation,LoadIC,5,0x3d826840,110,"global"
code-creation,LoadIC,5,0x3d8268c0,110,"builtins"
code-creation,Stub,2,0x3d826940,166,"FastNewContextStub"
code-creation,LazyCompile,0,0x3d826a00,580,"captureStackTrace native messages.js:1138",0x26f19fe0,
code-creation,Stub,15,0x3d826c60,128,"ToBooleanStub(Undefined)"
code-creation,LazyCompile,0,0x3d8266c0,360," native messages.js:1207",0x26f1b870,
code-creation,LoadIC,5,0x3d826ce0,110,"$Error"
code-creation,CallMiss,7,0x3d826d60,180,"args_count: 2"
code-creation,CallIC,7,0x3d826e20,136,"captureStackTrace"
code-creation,Stub,2,0x3d826ec0,121,""
code-creation,LoadIC,5,0x3d826f40,93,"stackTraceLimit"
code-creation,LazyCompile,0,0x3d8266c0,360," native messages.js:1207",0x26f1b870,
code-creation,LazyCompile,0,0x3d8266c0,360," native messages.js:1207",0x26f1b870,
code-creation,LazyCompile,0,0x3d8266c0,360," native messages.js:1207",0x26f1b870,
code-creation,LazyCompile,0,0x3d8266c0,360," native messages.js:1207",0x26f1b870,
code-creation,LazyCompile,0,0x3d8266c0,360," native messages.js:1207",0x26f1b870,
code-creation,Stub,14,0x3d826fa0,128,"CompareNilICStub(NullValue)(Undefined)"
code-creation,LazyCompile,0,0x3d827020,408,"SetUpStackOverflowBoilerplate native messages.js:1306",0x26f1a1ac,
code-creation,LazyCompile,0,0x3d8271c0,200,"MakeRangeError native messages.js:335",0x26f19124,
code-creation,LazyCompile,0,0x3d8272a0,280,"MakeGenericError native messages.js:282",0x26f18f58,
code-creation,LazyCompile,0,0x3d8273c0,264,"FormatMessage native messages.js:301",0x26f18fb4,
code-creation,Stub,12,0x3d8274e0,88,"BinaryOpStub_SHR_OverwriteLeft_Uninitialized+Uninitialized"
code-creation,LazyCompile,0,0x3d827540,1432,"FormatString native messages.js:187",0x26f18d8c,
code-creation,Stub,2,0x3d827ae0,121,""
code-creation,LoadPolymorphicIC,5,0x3d827b60,105,"stackTraceLimit"
code-creation,Stub,12,0x3d827be0,124,"BinaryOpStub_ADD_OverwriteLeft_String+String"
code-creation,Script,0,0x3d827c60,280,"native apinatives.js",0x26f1c050,
code-creation,Script,0,0x3d827d80,616,"native date.js",0x26f1dd9c,
code-creation,CallInitialize,7,0x3d828000,189,"args_count: 92"
code-creation,LazyCompile,0,0x3d8280c0,1396,"SetUpDate native date.js:761",0x26f1daa4,
code-creation,CallInitialize,7,0x3d828640,178,"args_count: 0"
code-creation,Stub,13,0x3d828700,104,"CompareICStub"
code-creation,LazyCompile,0,0x3d828780,1392,"DateConstructor native date.js:141",0x26f1c570,
code-creation,LazyCompile,0,0x3d828780,1392,"DateConstructor native date.js:141",0x26f1c570,
code-creation,CallPreMonomorphic,7,0x3d828d00,189,"args_count: 92"
code-creation,Script,0,0x3d828dc0,264,"native json.js",0x26f1f170,
code-creation,LazyCompile,0,0x3d828ee0,260,"SetUpJSON native json.js:219",0x26f1f03c,
code-creation,Script,0,0x3d829000,404,"native regexp.js",0x26f1fba4,
code-creation,CallInitialize,7,0x3d8291a0,180,"args_count: 8"
code-creation,LazyCompile,0,0x3d829260,1564,"SetUpRegExp native regexp.js:400",0x26f1fa5c,
code-creation,LazyCompile,0,0x3d829880,324,"RegExpConstructor native regexp.js:90",0x26f1f554,
code-creation,LazyCompile,0,0x3d829880,324,"RegExpConstructor native regexp.js:90",0x26f1f554,
code-creation,CallPreMonomorphic,7,0x3d8299e0,180,"args_count: 8"
code-creation,Stub,2,0x3d829aa0,1664,"StringAddStub"
code-creation,Stub,2,0x3d82a120,1661,"StringAddStub"
code-creation,Stub,12,0x3d82a7a0,133,"BinaryOpStub_ADD_Alloc_String+Smi"
code-creation,CallPreMonomorphic,7,0x3d82a840,178,"args_count: 2"
code-creation,LazyCompile,0,0x3d82a900,600,"ToPrimitive native runtime.js:514",0x26f0bb14,
code-creation,LazyCompile,0,0x3d82ab60,224,"RegExpMakeCaptureGetter native regexp.js:360",0x26f1fa00,
code-creation,LoadIC,5,0x3d82ac40,110,"$RegExp"
code-creation,Stub,13,0x3d82acc0,479,"CompareICStub"
code-creation,CallIC,7,0x3d82aea0,136,"RegExpMakeCaptureGetter"
